<?xml version="1.0" encoding="UTF-8"?>
<!-- Generated by org.testng.reporters.JUnitXMLReporter -->
<testsuite ignored="17" hostname="DESKTOP-DRKC6J6" failures="1" tests="1" name="Default test" time="25.165" errors="0" timestamp="2024-10-26T15:07:51 IST">
  <testcase classname="SeleniumFrameWork.MavenProject.AppTest" name="testCases_Demo" time="13.568">
    <failure type="org.openqa.selenium.TimeoutException" message="Expected condition failed: waiting for element to be clickable: [[ChromeDriver: chrome on windows (7b6afec052f2d3d46d7c423dcc1d94b6)] -&amp;gt; xpath: //button[text()=&amp;apos;Continue Shopping&amp;apos;]] (tried for 10 second(s) with 500 milliseconds interval)
Build info: version: &amp;apos;4.25.0&amp;apos;, revision: &amp;apos;8a8aea2337&amp;apos;
System info: os.name: &amp;apos;Windows 10&amp;apos;, os.arch: &amp;apos;amd64&amp;apos;, os.version: &amp;apos;10.0&amp;apos;, java.version: &amp;apos;17.0.10&amp;apos;
Driver info: org.openqa.selenium.chrome.ChromeDriver
Capabilities {acceptInsecureCerts: false, browserName: chrome, browserVersion: 130.0.6723.70, chrome: {chromedriverVersion: 130.0.6723.69 (3ec172b971b9..., userDataDir: C:\Users\New\AppData\Local\...}, fedcm:accounts: true, goog:chromeOptions: {debuggerAddress: localhost:64014}, networkConnectionEnabled: false, pageLoadStrategy: normal, platformName: windows, proxy: Proxy(), se:cdp: ws://localhost:64014/devtoo..., se:cdpVersion: 130.0.6723.70, setWindowRect: true, strictFileInteractability: false, timeouts: {implicit: 0, pageLoad: 300000, script: 30000}, unhandledPromptBehavior: dismiss and notify, webauthn:extension:credBlob: true, webauthn:extension:largeBlob: true, webauthn:extension:minPinLength: true, webauthn:extension:prf: true, webauthn:virtualAuthenticators: true}
Session ID: 7b6afec052f2d3d46d7c423dcc1d94b6">
      <![CDATA[org.openqa.selenium.TimeoutException: Expected condition failed: waiting for element to be clickable: [[ChromeDriver: chrome on windows (7b6afec052f2d3d46d7c423dcc1d94b6)] -> xpath: //button[text()='Continue Shopping']] (tried for 10 second(s) with 500 milliseconds interval)
Build info: version: '4.25.0', revision: '8a8aea2337'
System info: os.name: 'Windows 10', os.arch: 'amd64', os.version: '10.0', java.version: '17.0.10'
Driver info: org.openqa.selenium.chrome.ChromeDriver
Capabilities {acceptInsecureCerts: false, browserName: chrome, browserVersion: 130.0.6723.70, chrome: {chromedriverVersion: 130.0.6723.69 (3ec172b971b9..., userDataDir: C:\Users\New\AppData\Local\...}, fedcm:accounts: true, goog:chromeOptions: {debuggerAddress: localhost:64014}, networkConnectionEnabled: false, pageLoadStrategy: normal, platformName: windows, proxy: Proxy(), se:cdp: ws://localhost:64014/devtoo..., se:cdpVersion: 130.0.6723.70, setWindowRect: true, strictFileInteractability: false, timeouts: {implicit: 0, pageLoad: 300000, script: 30000}, unhandledPromptBehavior: dismiss and notify, webauthn:extension:credBlob: true, webauthn:extension:largeBlob: true, webauthn:extension:minPinLength: true, webauthn:extension:prf: true, webauthn:virtualAuthenticators: true}
Session ID: 7b6afec052f2d3d46d7c423dcc1d94b6
at org.openqa.selenium.support.ui.WebDriverWait.timeoutException(WebDriverWait.java:84)
at org.openqa.selenium.support.ui.FluentWait.until(FluentWait.java:228)
at SeleniumFrameWork.Utilities.Commons.waitForElementToBeClickable(Commons.java:46)
at SeleniumFrameWork.MavenProject.ProductsPage.clickContinueShopping(ProductsPage.java:129)
at SeleniumFrameWork.MavenProject.AppTest.testCases_Demo(AppTest.java:808)
at java.base/jdk.internal.reflect.NativeMethodAccessorImpl.invoke0(Native Method)
at java.base/jdk.internal.reflect.NativeMethodAccessorImpl.invoke(NativeMethodAccessorImpl.java:77)
at java.base/jdk.internal.reflect.DelegatingMethodAccessorImpl.invoke(DelegatingMethodAccessorImpl.java:43)
at java.base/java.lang.reflect.Method.invoke(Method.java:568)
at org.testng.internal.invokers.MethodInvocationHelper.invokeMethod(MethodInvocationHelper.java:141)
at org.testng.internal.invokers.TestInvoker.invokeMethod(TestInvoker.java:686)
at org.testng.internal.invokers.TestInvoker.invokeTestMethod(TestInvoker.java:230)
at org.testng.internal.invokers.MethodRunner.runInSequence(MethodRunner.java:63)
at org.testng.internal.invokers.TestInvoker$MethodInvocationAgent.invoke(TestInvoker.java:992)
at org.testng.internal.invokers.TestInvoker.invokeTestMethods(TestInvoker.java:203)
at org.testng.internal.invokers.TestMethodWorker.invokeTestMethods(TestMethodWorker.java:154)
at org.testng.internal.invokers.TestMethodWorker.run(TestMethodWorker.java:134)
at java.base/java.util.ArrayList.forEach(ArrayList.java:1511)
at org.testng.TestRunner.privateRun(TestRunner.java:739)
at org.testng.TestRunner.run(TestRunner.java:614)
at org.testng.SuiteRunner.runTest(SuiteRunner.java:421)
at org.testng.SuiteRunner.runSequentially(SuiteRunner.java:413)
at org.testng.SuiteRunner.privateRun(SuiteRunner.java:373)
at org.testng.SuiteRunner.run(SuiteRunner.java:312)
at org.testng.SuiteRunnerWorker.runSuite(SuiteRunnerWorker.java:52)
at org.testng.SuiteRunnerWorker.run(SuiteRunnerWorker.java:95)
at org.testng.TestNG.runSuitesSequentially(TestNG.java:1274)
at org.testng.TestNG.runSuitesLocally(TestNG.java:1208)
at org.testng.TestNG.runSuites(TestNG.java:1112)
at org.testng.TestNG.run(TestNG.java:1079)
at org.testng.remote.AbstractRemoteTestNG.run(AbstractRemoteTestNG.java:115)
at org.testng.remote.RemoteTestNG.initAndRun(RemoteTestNG.java:293)
at org.testng.remote.RemoteTestNG.main(RemoteTestNG.java:91)
]]>
    </failure>
  </testcase> <!-- testCases_Demo -->
  <testcase classname="SeleniumFrameWork.MavenProject.AppTest" name="testCases_11" time="0.0">
    <ignored/>
  </testcase> <!-- testCases_11 -->
  <testcase classname="SeleniumFrameWork.MavenProject.AppTest" name="testCases_12" time="0.0">
    <ignored/>
  </testcase> <!-- testCases_12 -->
  <testcase classname="SeleniumFrameWork.MavenProject.AppTest" name="testCases_01" time="0.0">
    <ignored/>
  </testcase> <!-- testCases_01 -->
  <testcase classname="SeleniumFrameWork.MavenProject.AppTest" name="testCases_13" time="0.0">
    <ignored/>
  </testcase> <!-- testCases_13 -->
  <testcase classname="SeleniumFrameWork.MavenProject.AppTest" name="testCases_02" time="0.0">
    <ignored/>
  </testcase> <!-- testCases_02 -->
  <testcase classname="SeleniumFrameWork.MavenProject.AppTest" name="testCases_14" time="0.0">
    <ignored/>
  </testcase> <!-- testCases_14 -->
  <testcase classname="SeleniumFrameWork.MavenProject.AppTest" name="testCases_03" time="0.0">
    <ignored/>
  </testcase> <!-- testCases_03 -->
  <testcase classname="SeleniumFrameWork.MavenProject.AppTest" name="testCases_15" time="0.0">
    <ignored/>
  </testcase> <!-- testCases_15 -->
  <testcase classname="SeleniumFrameWork.MavenProject.AppTest" name="testCases_04" time="0.0">
    <ignored/>
  </testcase> <!-- testCases_04 -->
  <testcase classname="SeleniumFrameWork.MavenProject.AppTest" name="testCases_16" time="0.0">
    <ignored/>
  </testcase> <!-- testCases_16 -->
  <testcase classname="SeleniumFrameWork.MavenProject.AppTest" name="testCases_05" time="0.0">
    <ignored/>
  </testcase> <!-- testCases_05 -->
  <testcase classname="SeleniumFrameWork.MavenProject.AppTest" name="testCases_17" time="0.0">
    <ignored/>
  </testcase> <!-- testCases_17 -->
  <testcase classname="SeleniumFrameWork.MavenProject.AppTest" name="testCases_06" time="0.0">
    <ignored/>
  </testcase> <!-- testCases_06 -->
  <testcase classname="SeleniumFrameWork.MavenProject.AppTest" name="testCases_07" time="0.0">
    <ignored/>
  </testcase> <!-- testCases_07 -->
  <testcase classname="SeleniumFrameWork.MavenProject.AppTest" name="testCases_08" time="0.0">
    <ignored/>
  </testcase> <!-- testCases_08 -->
  <testcase classname="SeleniumFrameWork.MavenProject.AppTest" name="testCases_09" time="0.0">
    <ignored/>
  </testcase> <!-- testCases_09 -->
  <testcase classname="SeleniumFrameWork.MavenProject.AppTest" name="testCases_10" time="0.0">
    <ignored/>
  </testcase> <!-- testCases_10 -->
</testsuite> <!-- Default test -->
