<?xml version="1.0" encoding="UTF-8"?>
<testng-results ignored="0" total="1" passed="0" failed="1" skipped="0">
  <reporter-output>
  </reporter-output>
  <suite started-at="2024-10-26T15:07:26 IST" name="Default suite" finished-at="2024-10-26T15:07:51 IST" duration-ms="25165">
    <groups>
    </groups>
    <test started-at="2024-10-26T15:07:26 IST" name="Default test" finished-at="2024-10-26T15:07:51 IST" duration-ms="25165">
      <class name="SeleniumFrameWork.MavenProject.AppTest">
        <test-method is-config="true" signature="extentsetup()[pri:0, instance:SeleniumFrameWork.MavenProject.AppTest@2034b64c]" started-at="2024-10-26T15:07:26 IST" name="extentsetup" finished-at="2024-10-26T15:07:26 IST" duration-ms="320" status="PASS">
          <reporter-output>
          </reporter-output>
        </test-method> <!-- extentsetup -->
        <test-method is-config="true" signature="SetupApp()[pri:0, instance:SeleniumFrameWork.MavenProject.AppTest@2034b64c]" started-at="2024-10-26T15:07:26 IST" name="SetupApp" finished-at="2024-10-26T15:07:37 IST" duration-ms="10834" status="PASS">
          <reporter-output>
          </reporter-output>
        </test-method> <!-- SetupApp -->
        <test-method is-config="true" signature="setupTestResults(org.testng.ITestResult)[pri:0, instance:SeleniumFrameWork.MavenProject.AppTest@2034b64c]" started-at="2024-10-26T15:07:37 IST" name="setupTestResults" finished-at="2024-10-26T15:07:37 IST" duration-ms="8" status="PASS">
          <params>
            <param index="0">
              <value>
                <![CDATA[[TestResult name={null} status=CREATED method=AppTest.testCases_Demo()[pri:0, instance:SeleniumFrameWork.MavenProject.AppTest@2034b64c] output={null}]]]>
              </value>
            </param>
          </params>
          <reporter-output>
          </reporter-output>
        </test-method> <!-- setupTestResults -->
        <test-method signature="testCases_Demo()[pri:0, instance:SeleniumFrameWork.MavenProject.AppTest@2034b64c]" started-at="2024-10-26T15:07:37 IST" name="testCases_Demo" finished-at="2024-10-26T15:07:50 IST" duration-ms="13568" status="FAIL">
          <exception class="org.openqa.selenium.TimeoutException">
            <message>
              <![CDATA[Expected condition failed: waiting for element to be clickable: [[ChromeDriver: chrome on windows (7b6afec052f2d3d46d7c423dcc1d94b6)] -> xpath: //button[text()='Continue Shopping']] (tried for 10 second(s) with 500 milliseconds interval)
Build info: version: '4.25.0', revision: '8a8aea2337'
System info: os.name: 'Windows 10', os.arch: 'amd64', os.version: '10.0', java.version: '17.0.10'
Driver info: org.openqa.selenium.chrome.ChromeDriver
Capabilities {acceptInsecureCerts: false, browserName: chrome, browserVersion: 130.0.6723.70, chrome: {chromedriverVersion: 130.0.6723.69 (3ec172b971b9..., userDataDir: C:\Users\New\AppData\Local\...}, fedcm:accounts: true, goog:chromeOptions: {debuggerAddress: localhost:64014}, networkConnectionEnabled: false, pageLoadStrategy: normal, platformName: windows, proxy: Proxy(), se:cdp: ws://localhost:64014/devtoo..., se:cdpVersion: 130.0.6723.70, setWindowRect: true, strictFileInteractability: false, timeouts: {implicit: 0, pageLoad: 300000, script: 30000}, unhandledPromptBehavior: dismiss and notify, webauthn:extension:credBlob: true, webauthn:extension:largeBlob: true, webauthn:extension:minPinLength: true, webauthn:extension:prf: true, webauthn:virtualAuthenticators: true}
Session ID: 7b6afec052f2d3d46d7c423dcc1d94b6]]>
            </message>
            <full-stacktrace>
              <![CDATA[org.openqa.selenium.TimeoutException: Expected condition failed: waiting for element to be clickable: [[ChromeDriver: chrome on windows (7b6afec052f2d3d46d7c423dcc1d94b6)] -> xpath: //button[text()='Continue Shopping']] (tried for 10 second(s) with 500 milliseconds interval)
Build info: version: '4.25.0', revision: '8a8aea2337'
System info: os.name: 'Windows 10', os.arch: 'amd64', os.version: '10.0', java.version: '17.0.10'
Driver info: org.openqa.selenium.chrome.ChromeDriver
Capabilities {acceptInsecureCerts: false, browserName: chrome, browserVersion: 130.0.6723.70, chrome: {chromedriverVersion: 130.0.6723.69 (3ec172b971b9..., userDataDir: C:\Users\New\AppData\Local\...}, fedcm:accounts: true, goog:chromeOptions: {debuggerAddress: localhost:64014}, networkConnectionEnabled: false, pageLoadStrategy: normal, platformName: windows, proxy: Proxy(), se:cdp: ws://localhost:64014/devtoo..., se:cdpVersion: 130.0.6723.70, setWindowRect: true, strictFileInteractability: false, timeouts: {implicit: 0, pageLoad: 300000, script: 30000}, unhandledPromptBehavior: dismiss and notify, webauthn:extension:credBlob: true, webauthn:extension:largeBlob: true, webauthn:extension:minPinLength: true, webauthn:extension:prf: true, webauthn:virtualAuthenticators: true}
Session ID: 7b6afec052f2d3d46d7c423dcc1d94b6
at org.openqa.selenium.support.ui.WebDriverWait.timeoutException(WebDriverWait.java:84)
at org.openqa.selenium.support.ui.FluentWait.until(FluentWait.java:228)
at SeleniumFrameWork.Utilities.Commons.waitForElementToBeClickable(Commons.java:46)
at SeleniumFrameWork.MavenProject.ProductsPage.clickContinueShopping(ProductsPage.java:129)
at SeleniumFrameWork.MavenProject.AppTest.testCases_Demo(AppTest.java:808)
at java.base/jdk.internal.reflect.NativeMethodAccessorImpl.invoke0(Native Method)
at java.base/jdk.internal.reflect.NativeMethodAccessorImpl.invoke(NativeMethodAccessorImpl.java:77)
at java.base/jdk.internal.reflect.DelegatingMethodAccessorImpl.invoke(DelegatingMethodAccessorImpl.java:43)
at java.base/java.lang.reflect.Method.invoke(Method.java:568)
at org.testng.internal.invokers.MethodInvocationHelper.invokeMethod(MethodInvocationHelper.java:141)
at org.testng.internal.invokers.TestInvoker.invokeMethod(TestInvoker.java:686)
at org.testng.internal.invokers.TestInvoker.invokeTestMethod(TestInvoker.java:230)
at org.testng.internal.invokers.MethodRunner.runInSequence(MethodRunner.java:63)
at org.testng.internal.invokers.TestInvoker$MethodInvocationAgent.invoke(TestInvoker.java:992)
at org.testng.internal.invokers.TestInvoker.invokeTestMethods(TestInvoker.java:203)
at org.testng.internal.invokers.TestMethodWorker.invokeTestMethods(TestMethodWorker.java:154)
at org.testng.internal.invokers.TestMethodWorker.run(TestMethodWorker.java:134)
at java.base/java.util.ArrayList.forEach(ArrayList.java:1511)
at org.testng.TestRunner.privateRun(TestRunner.java:739)
at org.testng.TestRunner.run(TestRunner.java:614)
at org.testng.SuiteRunner.runTest(SuiteRunner.java:421)
at org.testng.SuiteRunner.runSequentially(SuiteRunner.java:413)
at org.testng.SuiteRunner.privateRun(SuiteRunner.java:373)
at org.testng.SuiteRunner.run(SuiteRunner.java:312)
at org.testng.SuiteRunnerWorker.runSuite(SuiteRunnerWorker.java:52)
at org.testng.SuiteRunnerWorker.run(SuiteRunnerWorker.java:95)
at org.testng.TestNG.runSuitesSequentially(TestNG.java:1274)
at org.testng.TestNG.runSuitesLocally(TestNG.java:1208)
at org.testng.TestNG.runSuites(TestNG.java:1112)
at org.testng.TestNG.run(TestNG.java:1079)
at org.testng.remote.AbstractRemoteTestNG.run(AbstractRemoteTestNG.java:115)
at org.testng.remote.RemoteTestNG.initAndRun(RemoteTestNG.java:293)
at org.testng.remote.RemoteTestNG.main(RemoteTestNG.java:91)
]]>
            </full-stacktrace>
          </exception> <!-- org.openqa.selenium.TimeoutException -->
          <reporter-output>
          </reporter-output>
        </test-method> <!-- testCases_Demo -->
        <test-method is-config="true" signature="quitAppResults(org.testng.ITestResult)[pri:0, instance:SeleniumFrameWork.MavenProject.AppTest@2034b64c]" started-at="2024-10-26T15:07:50 IST" name="quitAppResults" finished-at="2024-10-26T15:07:51 IST" duration-ms="10" status="PASS">
          <params>
            <param index="0">
              <value>
                <![CDATA[[TestResult name=testCases_Demo status=FAILURE method=AppTest.testCases_Demo()[pri:0, instance:SeleniumFrameWork.MavenProject.AppTest@2034b64c] output={null}]]]>
              </value>
            </param>
          </params>
          <reporter-output>
          </reporter-output>
        </test-method> <!-- quitAppResults -->
        <test-method is-config="true" signature="clearExtentReport()[pri:0, instance:SeleniumFrameWork.MavenProject.AppTest@2034b64c]" started-at="2024-10-26T15:07:51 IST" name="clearExtentReport" finished-at="2024-10-26T15:07:51 IST" duration-ms="373" status="PASS">
          <reporter-output>
          </reporter-output>
        </test-method> <!-- clearExtentReport -->
      </class> <!-- SeleniumFrameWork.MavenProject.AppTest -->
    </test> <!-- Default test -->
  </suite> <!-- Default suite -->
</testng-results>
